<?xml version="1.0" encoding="UTF-8"?>
<robot generator="Robot 7.4.2 (Python 3.14.3 on win32)" generated="2026-03-18T14:48:52.182783" rpa="false" schemaversion="5">
<suite id="s1" name="Amazon" source="C:\development\robot-scripts\amazon\Tests\amazon.robot">
<kw name="Insert Testing Data" owner="Common" type="SETUP">
<kw name="Log" owner="BuiltIn">
<msg time="2026-03-18T14:48:52.356178" level="INFO">I am setting up the test data...</msg>
<arg>I am setting up the test data...</arg>
<doc>Logs the given message with the given level.</doc>
<status status="PASS" start="2026-03-18T14:48:52.355885" elapsed="0.000345"/>
</kw>
<status status="PASS" start="2026-03-18T14:48:52.355414" elapsed="0.000901"/>
</kw>
<test id="s1-t1" name="Unauthenticated user can search for products, select an item and add it to their basket, but has to log in to purchase" line="50">
<kw name="Begin Web Test" owner="Common" type="SETUP">
<kw name="Open Browser" owner="SeleniumLibrary">
<msg time="2026-03-18T14:48:52.357299" level="INFO">Opening browser 'chrome' to base url 'about:blank'.</msg>
<arg>about:blank</arg>
<arg>${BROWSER}</arg>
<doc>Opens a new browser instance to the optional ``url``.</doc>
<status status="PASS" start="2026-03-18T14:48:52.357145" elapsed="3.060323"/>
</kw>
<kw name="Set Window Position" owner="SeleniumLibrary">
<arg>x=0</arg>
<arg>y=0</arg>
<doc>Sets window position using ``x`` and ``y`` coordinates.</doc>
<status status="PASS" start="2026-03-18T14:48:55.417770" elapsed="0.020878"/>
</kw>
<kw name="Set Window Size" owner="SeleniumLibrary">
<arg>width=1920</arg>
<arg>height=1090</arg>
<doc>Sets current windows size to given ``width`` and ``height``.</doc>
<status status="PASS" start="2026-03-18T14:48:55.439604" elapsed="0.398974"/>
</kw>
<status status="PASS" start="2026-03-18T14:48:52.356944" elapsed="3.481872"/>
</kw>
<kw name="Search For Products" owner="AmazonApp">
<kw name="Load" owner="LandingPage">
<kw name="Go To" owner="SeleniumLibrary">
<msg time="2026-03-18T14:48:55.840368" level="INFO">Opening url 'https://www.amazon.co.uk/'</msg>
<arg>${START_URL}</arg>
<doc>Navigates the current browser window to the provided ``url``.</doc>
<status status="PASS" start="2026-03-18T14:48:55.840177" elapsed="0.849595"/>
</kw>
<status status="PASS" start="2026-03-18T14:48:55.839881" elapsed="0.850052"/>
</kw>
<kw name="Verify Page Loaded" owner="LandingPage">
<kw name="Wait Until Page Contains Element" owner="SeleniumLibrary">
<arg>id:nav-logo-sprites</arg>
<doc>Waits until the element ``locator`` appears on the current page.</doc>
<status status="PASS" start="2026-03-18T14:48:56.691853" elapsed="1.758566"/>
</kw>
<status status="PASS" start="2026-03-18T14:48:56.690275" elapsed="1.760357"/>
</kw>
<kw name="Accept Cookies" owner="LandingPage">
<kw name="Wait Until Page Contains" owner="SeleniumLibrary">
<arg>Select your cookie preferences</arg>
<doc>Waits until ``text`` appears on the current page.</doc>
<status status="PASS" start="2026-03-18T14:48:58.451468" elapsed="0.037704"/>
</kw>
<kw name="Click Button" owner="SeleniumLibrary">
<msg time="2026-03-18T14:48:58.489650" level="INFO">Clicking button 'id:sp-cc-accept'.</msg>
<arg>id:sp-cc-accept</arg>
<doc>Clicks the button identified by ``locator``.</doc>
<status status="PASS" start="2026-03-18T14:48:58.489428" elapsed="0.373838"/>
</kw>
<status status="PASS" start="2026-03-18T14:48:58.450968" elapsed="0.412480"/>
</kw>
<kw name="Search For Products" owner="TopNav">
<kw name="Input Text" owner="SeleniumLibrary">
<msg time="2026-03-18T14:48:58.864527" level="INFO">Typing text 'LEGO Speed Champions Mercedes-AMG F1 W15' into text field 'id:twotabsearchtextbox'.</msg>
<arg>id:twotabsearchtextbox</arg>
<arg>${SEARCH_TERM}</arg>
<doc>Types the given ``text`` into the text field identified by ``locator``.</doc>
<status status="PASS" start="2026-03-18T14:48:58.864200" elapsed="0.351399"/>
</kw>
<kw name="Click Button" owner="SeleniumLibrary">
<msg time="2026-03-18T14:48:59.217400" level="INFO">Clicking button 'id:nav-search-submit-button'.</msg>
<arg>id:nav-search-submit-button</arg>
<doc>Clicks the button identified by ``locator``.</doc>
<status status="PASS" start="2026-03-18T14:48:59.216512" elapsed="4.181004"/>
</kw>
<status status="PASS" start="2026-03-18T14:48:58.863757" elapsed="4.533969"/>
</kw>
<kw name="Verify Search Completed" owner="SearchResults">
<kw name="Wait Until Page Contains" owner="SeleniumLibrary">
<arg>Results</arg>
<doc>Waits until ``text`` appears on the current page.</doc>
<status status="PASS" start="2026-03-18T14:49:03.398683" elapsed="0.065751"/>
</kw>
<status status="PASS" start="2026-03-18T14:49:03.398051" elapsed="0.066606"/>
</kw>
<status status="PASS" start="2026-03-18T14:48:55.839483" elapsed="7.625305"/>
</kw>
<kw name="Select Product From Search Results" owner="AmazonApp">
<kw name="Clink Product Image" owner="SearchResults">
<kw name="Click Image" owner="SeleniumLibrary">
<msg time="2026-03-18T14:49:03.466934" level="INFO">Clicking image 'xpath://img[contains(@alt, 'LEGO Speed Champions Mercedes-AMG F1 W15')]'.</msg>
<arg>xpath://img[contains(@alt, '${SEARCH_TERM}')]</arg>
<doc>Clicks an image identified by ``locator``.</doc>
<status status="PASS" start="2026-03-18T14:49:03.466536" elapsed="4.580422"/>
</kw>
<status status="PASS" start="2026-03-18T14:49:03.466180" elapsed="4.580990"/>
</kw>
<kw name="Verify Product Loaded" owner="Product">
<kw name="Page Should Contain" owner="SeleniumLibrary">
<msg time="2026-03-18T14:49:08.196750" level="INFO">Current page contains text 'LEGO Speed Champions Mercedes-AMG F1 W15'.</msg>
<arg>${SEARCH_TERM}</arg>
<doc>Verifies that current page contains ``text``.</doc>
<status status="PASS" start="2026-03-18T14:49:08.047917" elapsed="0.148962"/>
</kw>
<status status="PASS" start="2026-03-18T14:49:08.047471" elapsed="0.149559"/>
</kw>
<status status="PASS" start="2026-03-18T14:49:03.465607" elapsed="4.731623"/>
</kw>
<kw name="Add Product To Basket" owner="AmazonApp">
<kw name="Add to Basket" owner="Product">
<kw name="Click Button" owner="SeleniumLibrary">
<msg time="2026-03-18T14:49:08.198478" level="INFO">Clicking button 'id:add-to-cart-button'.</msg>
<arg>id:add-to-cart-button</arg>
<doc>Clicks the button identified by ``locator``.</doc>
<status status="PASS" start="2026-03-18T14:49:08.198262" elapsed="1.950105"/>
</kw>
<status status="PASS" start="2026-03-18T14:49:08.198073" elapsed="1.950583"/>
</kw>
<kw name="Verify Product Added" owner="Product">
<kw name="Wait Until Page Contains" owner="SeleniumLibrary">
<arg>Added to basket</arg>
<doc>Waits until ``text`` appears on the current page.</doc>
<status status="PASS" start="2026-03-18T14:49:10.149704" elapsed="0.157668"/>
</kw>
<status status="PASS" start="2026-03-18T14:49:10.149070" elapsed="0.158636"/>
</kw>
<status status="PASS" start="2026-03-18T14:49:08.197815" elapsed="2.109970"/>
</kw>
<kw name="Begin Checkout" owner="AmazonApp">
<kw name="Proceed To Checkout" owner="Basket">
<kw name="Click Button" owner="SeleniumLibrary">
<msg time="2026-03-18T14:49:10.312705" level="INFO">Clicking button 'name:proceedToRetailCheckout'.</msg>
<arg>name:proceedToRetailCheckout</arg>
<doc>Clicks the button identified by ``locator``.</doc>
<status status="PASS" start="2026-03-18T14:49:10.311803" elapsed="1.427356"/>
</kw>
<status status="PASS" start="2026-03-18T14:49:10.311119" elapsed="1.428431"/>
</kw>
<kw name="Verify Page Loaded" owner="SignIn">
<kw name="Wait Until Page Contains Element" owner="SeleniumLibrary">
<arg>name:email</arg>
<doc>Waits until the element ``locator`` appears on the current page.</doc>
<status status="PASS" start="2026-03-18T14:49:11.740648" elapsed="0.016819"/>
</kw>
<status status="PASS" start="2026-03-18T14:49:11.740061" elapsed="0.017723"/>
</kw>
<status status="PASS" start="2026-03-18T14:49:10.309637" elapsed="1.448274"/>
</kw>
<kw name="Sleep" owner="BuiltIn">
<msg time="2026-03-18T14:49:16.763221" level="INFO">Slept 5 seconds.</msg>
<arg>5s</arg>
<doc>Pauses the test executed for the given time.</doc>
<status status="PASS" start="2026-03-18T14:49:11.759445" elapsed="5.004413"/>
</kw>
<kw name="End Web Test" owner="Common" type="TEARDOWN">
<kw name="Close Browser" owner="SeleniumLibrary">
<doc>Closes the current browser.</doc>
<status status="PASS" start="2026-03-18T14:49:16.766621" elapsed="4.142424"/>
</kw>
<status status="PASS" start="2026-03-18T14:49:16.765940" elapsed="4.143286"/>
</kw>
<doc>Check an unauthenticated user can search for products, select an
item, and add it to their basket on Amazon UK, but they have to log
in to purchase</doc>
<tag>F1</tag>
<status status="PASS" start="2026-03-18T14:48:52.356376" elapsed="28.553038"/>
</test>
<kw name="Cleanup Testing Data" owner="Common" type="TEARDOWN">
<kw name="Log" owner="BuiltIn">
<msg time="2026-03-18T14:49:20.910791" level="INFO">I am cleaning up the test data...</msg>
<arg>I am cleaning up the test data...</arg>
<doc>Logs the given message with the given level.</doc>
<status status="PASS" start="2026-03-18T14:49:20.910586" elapsed="0.000247"/>
</kw>
<status status="PASS" start="2026-03-18T14:49:20.910402" elapsed="0.000483"/>
</kw>
<doc>This suite allows an unauthenticated user to navigate to Amazon UK,
search for a LEGO F1 car of their choice, select it, and add it to
their basket. Crucially, they cannot actually order the car
without logging into an Amazon account</doc>
<status status="PASS" start="2026-03-18T14:48:52.184640" elapsed="28.726272"/>
</suite>
<statistics>
<total>
<stat pass="1" fail="0" skip="0">All Tests</stat>
</total>
<tag>
<stat pass="1" fail="0" skip="0">F1</stat>
</tag>
<suite>
<stat name="Amazon" id="s1" pass="1" fail="0" skip="0">Amazon</stat>
</suite>
</statistics>
<errors>
</errors>
</robot>
